$ swipl -s .\schedule.pl
Welcome to SWI-Prolog (threaded, 64 bits, version 8.4.1)
SWI-Prolog comes with ABSOLUTELY NO WARRANTY. This is free software.
Please run ?- license. for legal details.

For online help and background, visit https://www.swi-prolog.org
For built-in help, use ?- help(Topic). or ?- apropos(Word).

1 ?- schedule(Ta, A1, A2, Tb, B1, B2, Td, D1, D2).
Ta = morning,
A1 = D2, D2 = adam,
A2 = B1, B1 = barbara,
Tb = Td, Td = afternoon,
B2 = ben,
D1 = danny .

2 ?- schedule(Ta, A1, A2, Ta, B1, B2, Td, D1, D2). 
Ta = morning,
A1 = D2, D2 = adam,
A2 = ann,
B1 = barbara,
B2 = ben,
Td = afternoon,
D1 = danny .

3 ?- schedule(Ta, A1, A2, Tb, B1, B2, Ta, D1, D2). 
Ta = morning,
A1 = B1, B1 = barbara,
A2 = ann,
Tb = afternoon,
B2 = ben,
D1 = danny,
D2 = adam .

4 ?- schedule(Ta, A1, A2, Tb, B1, B2, Tb, D1, D2). 
Ta = morning,
A1 = D2, D2 = adam,
A2 = B1, B1 = barbara,
Tb = afternoon,
B2 = ben,
D1 = danny .

5 ?- schedule(Td, A1, A2, Tb, B1, B2, Td, D1, D2). 
Td = morning,
A1 = B1, B1 = barbara,
A2 = ann,
Tb = afternoon,
B2 = ben,
D1 = danny,
D2 = adam .

6 ?- session(morning, bioinformatics, P1, P2).
P1 = barbara,
P2 = ben .

7 ?- expert(databases, P).
P = danny ;
P = adam.

8 ?- no_conflict(morning, barbara, adam, morning, danny, ben).
true.

9 ?-